depbase=`echo src/sample_cpu.o | sed 's|[^/]*$|.deps/&|;s|\.o$||'`;\
	g++ -DPACKAGE_NAME=\"LibBi\" -DPACKAGE_TARNAME=\"libbi\" -DPACKAGE_VERSION=\"1.3.0\" -DPACKAGE_STRING=\"LibBi\ 1.3.0\" -DPACKAGE_BUGREPORT=\"bug-report@libbi.org\" -DPACKAGE_URL=\"http://www.libbi.org\" -DTHRUST_DEVICE_SYSTEM=THRUST_DEVICE_SYSTEM_CPP -DTHRUST_HOST_SYSTEM=THRUST_HOST_SYSTEM_CPP -DHAVE_LIBM=1 -DHAVE_LIBQRUPDATE=1 -DHAVE_LIBGSL=1 -DHAVE_LIBNETCDF=1 -DNDEBUG=1 -DHAVE_NETCDF_H=1 -DHAVE_GSL_GSL_CBLAS_H=1 -DHAVE_BOOST_MPL_IF_HPP=1 -DHAVE_BOOST_RANDOM_BINOMIAL_DISTRIBUTION_HPP=1 -DHAVE_BOOST_RANDOM_BERNOULLI_DISTRIBUTION_HPP=1 -DHAVE_BOOST_RANDOM_GAMMA_DISTRIBUTION_HPP=1 -DHAVE_BOOST_RANDOM_MERSENNE_TWISTER_HPP=1 -DHAVE_BOOST_RANDOM_NORMAL_DISTRIBUTION_HPP=1 -DHAVE_BOOST_RANDOM_POISSON_DISTRIBUTION_HPP=1 -DHAVE_BOOST_RANDOM_UNIFORM_INT_HPP=1 -DHAVE_BOOST_RANDOM_UNIFORM_REAL_HPP=1 -DHAVE_BOOST_RANDOM_VARIATE_GENERATOR_HPP=1 -DHAVE_BOOST_TYPEOF_TYPEOF_HPP=1 -DHAVE_THRUST_ADJACENT_DIFFERENCE_H=1 -DHAVE_THRUST_BINARY_SEARCH_H=1 -DHAVE_THRUST_COPY_H=1 -DHAVE_THRUST_DEVICE_PTR_H=1 -DHAVE_THRUST_DISTANCE_H=1 -DHAVE_THRUST_EXTREMA_H=1 -DHAVE_THRUST_FILL_H=1 -DHAVE_THRUST_FOR_EACH_H=1 -DHAVE_THRUST_FUNCTIONAL_H=1 -DHAVE_THRUST_GATHER_H=1 -DHAVE_THRUST_INNER_PRODUCT_H=1 -DHAVE_THRUST_ITERATOR_COUNTING_ITERATOR_H=1 -DHAVE_THRUST_ITERATOR_DETAIL_NORMAL_ITERATOR_H=1 -DHAVE_THRUST_ITERATOR_DISCARD_ITERATOR_H=1 -DHAVE_THRUST_ITERATOR_PERMUTATION_ITERATOR_H=1 -DHAVE_THRUST_ITERATOR_TRANSFORM_ITERATOR_H=1 -DHAVE_THRUST_ITERATOR_ZIP_ITERATOR_H=1 -DHAVE_THRUST_LOGICAL_H=1 -DHAVE_THRUST_REDUCE_H=1 -DHAVE_THRUST_SCAN_H=1 -DHAVE_THRUST_SEQUENCE_H=1 -DHAVE_THRUST_SORT_H=1 -DHAVE_THRUST_TRANSFORM_H=1 -DHAVE_THRUST_TRANSFORM_REDUCE_H=1 -DHAVE_THRUST_TRANSFORM_SCAN_H=1 -DHAVE_THRUST_TUPLE_H=1 -DHAVE_GSL_GSL_MULTIMIN_H=1 -DENABLE_DIAGNOSTICS=no -I.  -Isrc  -I/usr/local/cuda/include    -DCUDA_FAST_MATH=0   -DENABLE_SSE      -O3 -g3 -funroll-loops  -msse3 -MT src/sample_cpu.o -MD -MP -MF $depbase.Tpo -c -o src/sample_cpu.o src/sample_cpu.cpp &&\
	mv -f $depbase.Tpo $depbase.Po
depbase=`echo src/model/ModelSIR.o | sed 's|[^/]*$|.deps/&|;s|\.o$||'`;\
	g++ -DPACKAGE_NAME=\"LibBi\" -DPACKAGE_TARNAME=\"libbi\" -DPACKAGE_VERSION=\"1.3.0\" -DPACKAGE_STRING=\"LibBi\ 1.3.0\" -DPACKAGE_BUGREPORT=\"bug-report@libbi.org\" -DPACKAGE_URL=\"http://www.libbi.org\" -DTHRUST_DEVICE_SYSTEM=THRUST_DEVICE_SYSTEM_CPP -DTHRUST_HOST_SYSTEM=THRUST_HOST_SYSTEM_CPP -DHAVE_LIBM=1 -DHAVE_LIBQRUPDATE=1 -DHAVE_LIBGSL=1 -DHAVE_LIBNETCDF=1 -DNDEBUG=1 -DHAVE_NETCDF_H=1 -DHAVE_GSL_GSL_CBLAS_H=1 -DHAVE_BOOST_MPL_IF_HPP=1 -DHAVE_BOOST_RANDOM_BINOMIAL_DISTRIBUTION_HPP=1 -DHAVE_BOOST_RANDOM_BERNOULLI_DISTRIBUTION_HPP=1 -DHAVE_BOOST_RANDOM_GAMMA_DISTRIBUTION_HPP=1 -DHAVE_BOOST_RANDOM_MERSENNE_TWISTER_HPP=1 -DHAVE_BOOST_RANDOM_NORMAL_DISTRIBUTION_HPP=1 -DHAVE_BOOST_RANDOM_POISSON_DISTRIBUTION_HPP=1 -DHAVE_BOOST_RANDOM_UNIFORM_INT_HPP=1 -DHAVE_BOOST_RANDOM_UNIFORM_REAL_HPP=1 -DHAVE_BOOST_RANDOM_VARIATE_GENERATOR_HPP=1 -DHAVE_BOOST_TYPEOF_TYPEOF_HPP=1 -DHAVE_THRUST_ADJACENT_DIFFERENCE_H=1 -DHAVE_THRUST_BINARY_SEARCH_H=1 -DHAVE_THRUST_COPY_H=1 -DHAVE_THRUST_DEVICE_PTR_H=1 -DHAVE_THRUST_DISTANCE_H=1 -DHAVE_THRUST_EXTREMA_H=1 -DHAVE_THRUST_FILL_H=1 -DHAVE_THRUST_FOR_EACH_H=1 -DHAVE_THRUST_FUNCTIONAL_H=1 -DHAVE_THRUST_GATHER_H=1 -DHAVE_THRUST_INNER_PRODUCT_H=1 -DHAVE_THRUST_ITERATOR_COUNTING_ITERATOR_H=1 -DHAVE_THRUST_ITERATOR_DETAIL_NORMAL_ITERATOR_H=1 -DHAVE_THRUST_ITERATOR_DISCARD_ITERATOR_H=1 -DHAVE_THRUST_ITERATOR_PERMUTATION_ITERATOR_H=1 -DHAVE_THRUST_ITERATOR_TRANSFORM_ITERATOR_H=1 -DHAVE_THRUST_ITERATOR_ZIP_ITERATOR_H=1 -DHAVE_THRUST_LOGICAL_H=1 -DHAVE_THRUST_REDUCE_H=1 -DHAVE_THRUST_SCAN_H=1 -DHAVE_THRUST_SEQUENCE_H=1 -DHAVE_THRUST_SORT_H=1 -DHAVE_THRUST_TRANSFORM_H=1 -DHAVE_THRUST_TRANSFORM_REDUCE_H=1 -DHAVE_THRUST_TRANSFORM_SCAN_H=1 -DHAVE_THRUST_TUPLE_H=1 -DHAVE_GSL_GSL_MULTIMIN_H=1 -DENABLE_DIAGNOSTICS=no -I.  -Isrc  -I/usr/local/cuda/include    -DCUDA_FAST_MATH=0   -DENABLE_SSE      -O3 -g3 -funroll-loops  -msse3 -MT src/model/ModelSIR.o -MD -MP -MF $depbase.Tpo -c -o src/model/ModelSIR.o src/model/ModelSIR.cpp &&\
	mv -f $depbase.Tpo $depbase.Po
depbase=`echo src/bi/netcdf/SimulatorNetCDFBuffer.o | sed 's|[^/]*$|.deps/&|;s|\.o$||'`;\
	g++ -DPACKAGE_NAME=\"LibBi\" -DPACKAGE_TARNAME=\"libbi\" -DPACKAGE_VERSION=\"1.3.0\" -DPACKAGE_STRING=\"LibBi\ 1.3.0\" -DPACKAGE_BUGREPORT=\"bug-report@libbi.org\" -DPACKAGE_URL=\"http://www.libbi.org\" -DTHRUST_DEVICE_SYSTEM=THRUST_DEVICE_SYSTEM_CPP -DTHRUST_HOST_SYSTEM=THRUST_HOST_SYSTEM_CPP -DHAVE_LIBM=1 -DHAVE_LIBQRUPDATE=1 -DHAVE_LIBGSL=1 -DHAVE_LIBNETCDF=1 -DNDEBUG=1 -DHAVE_NETCDF_H=1 -DHAVE_GSL_GSL_CBLAS_H=1 -DHAVE_BOOST_MPL_IF_HPP=1 -DHAVE_BOOST_RANDOM_BINOMIAL_DISTRIBUTION_HPP=1 -DHAVE_BOOST_RANDOM_BERNOULLI_DISTRIBUTION_HPP=1 -DHAVE_BOOST_RANDOM_GAMMA_DISTRIBUTION_HPP=1 -DHAVE_BOOST_RANDOM_MERSENNE_TWISTER_HPP=1 -DHAVE_BOOST_RANDOM_NORMAL_DISTRIBUTION_HPP=1 -DHAVE_BOOST_RANDOM_POISSON_DISTRIBUTION_HPP=1 -DHAVE_BOOST_RANDOM_UNIFORM_INT_HPP=1 -DHAVE_BOOST_RANDOM_UNIFORM_REAL_HPP=1 -DHAVE_BOOST_RANDOM_VARIATE_GENERATOR_HPP=1 -DHAVE_BOOST_TYPEOF_TYPEOF_HPP=1 -DHAVE_THRUST_ADJACENT_DIFFERENCE_H=1 -DHAVE_THRUST_BINARY_SEARCH_H=1 -DHAVE_THRUST_COPY_H=1 -DHAVE_THRUST_DEVICE_PTR_H=1 -DHAVE_THRUST_DISTANCE_H=1 -DHAVE_THRUST_EXTREMA_H=1 -DHAVE_THRUST_FILL_H=1 -DHAVE_THRUST_FOR_EACH_H=1 -DHAVE_THRUST_FUNCTIONAL_H=1 -DHAVE_THRUST_GATHER_H=1 -DHAVE_THRUST_INNER_PRODUCT_H=1 -DHAVE_THRUST_ITERATOR_COUNTING_ITERATOR_H=1 -DHAVE_THRUST_ITERATOR_DETAIL_NORMAL_ITERATOR_H=1 -DHAVE_THRUST_ITERATOR_DISCARD_ITERATOR_H=1 -DHAVE_THRUST_ITERATOR_PERMUTATION_ITERATOR_H=1 -DHAVE_THRUST_ITERATOR_TRANSFORM_ITERATOR_H=1 -DHAVE_THRUST_ITERATOR_ZIP_ITERATOR_H=1 -DHAVE_THRUST_LOGICAL_H=1 -DHAVE_THRUST_REDUCE_H=1 -DHAVE_THRUST_SCAN_H=1 -DHAVE_THRUST_SEQUENCE_H=1 -DHAVE_THRUST_SORT_H=1 -DHAVE_THRUST_TRANSFORM_H=1 -DHAVE_THRUST_TRANSFORM_REDUCE_H=1 -DHAVE_THRUST_TRANSFORM_SCAN_H=1 -DHAVE_THRUST_TUPLE_H=1 -DHAVE_GSL_GSL_MULTIMIN_H=1 -DENABLE_DIAGNOSTICS=no -I.  -Isrc  -I/usr/local/cuda/include    -DCUDA_FAST_MATH=0   -DENABLE_SSE      -O3 -g3 -funroll-loops  -msse3 -MT src/bi/netcdf/SimulatorNetCDFBuffer.o -MD -MP -MF $depbase.Tpo -c -o src/bi/netcdf/SimulatorNetCDFBuffer.o src/bi/netcdf/SimulatorNetCDFBuffer.cpp &&\
	mv -f $depbase.Tpo $depbase.Po
depbase=`echo src/bi/netcdf/InputNetCDFBuffer.o | sed 's|[^/]*$|.deps/&|;s|\.o$||'`;\
	g++ -DPACKAGE_NAME=\"LibBi\" -DPACKAGE_TARNAME=\"libbi\" -DPACKAGE_VERSION=\"1.3.0\" -DPACKAGE_STRING=\"LibBi\ 1.3.0\" -DPACKAGE_BUGREPORT=\"bug-report@libbi.org\" -DPACKAGE_URL=\"http://www.libbi.org\" -DTHRUST_DEVICE_SYSTEM=THRUST_DEVICE_SYSTEM_CPP -DTHRUST_HOST_SYSTEM=THRUST_HOST_SYSTEM_CPP -DHAVE_LIBM=1 -DHAVE_LIBQRUPDATE=1 -DHAVE_LIBGSL=1 -DHAVE_LIBNETCDF=1 -DNDEBUG=1 -DHAVE_NETCDF_H=1 -DHAVE_GSL_GSL_CBLAS_H=1 -DHAVE_BOOST_MPL_IF_HPP=1 -DHAVE_BOOST_RANDOM_BINOMIAL_DISTRIBUTION_HPP=1 -DHAVE_BOOST_RANDOM_BERNOULLI_DISTRIBUTION_HPP=1 -DHAVE_BOOST_RANDOM_GAMMA_DISTRIBUTION_HPP=1 -DHAVE_BOOST_RANDOM_MERSENNE_TWISTER_HPP=1 -DHAVE_BOOST_RANDOM_NORMAL_DISTRIBUTION_HPP=1 -DHAVE_BOOST_RANDOM_POISSON_DISTRIBUTION_HPP=1 -DHAVE_BOOST_RANDOM_UNIFORM_INT_HPP=1 -DHAVE_BOOST_RANDOM_UNIFORM_REAL_HPP=1 -DHAVE_BOOST_RANDOM_VARIATE_GENERATOR_HPP=1 -DHAVE_BOOST_TYPEOF_TYPEOF_HPP=1 -DHAVE_THRUST_ADJACENT_DIFFERENCE_H=1 -DHAVE_THRUST_BINARY_SEARCH_H=1 -DHAVE_THRUST_COPY_H=1 -DHAVE_THRUST_DEVICE_PTR_H=1 -DHAVE_THRUST_DISTANCE_H=1 -DHAVE_THRUST_EXTREMA_H=1 -DHAVE_THRUST_FILL_H=1 -DHAVE_THRUST_FOR_EACH_H=1 -DHAVE_THRUST_FUNCTIONAL_H=1 -DHAVE_THRUST_GATHER_H=1 -DHAVE_THRUST_INNER_PRODUCT_H=1 -DHAVE_THRUST_ITERATOR_COUNTING_ITERATOR_H=1 -DHAVE_THRUST_ITERATOR_DETAIL_NORMAL_ITERATOR_H=1 -DHAVE_THRUST_ITERATOR_DISCARD_ITERATOR_H=1 -DHAVE_THRUST_ITERATOR_PERMUTATION_ITERATOR_H=1 -DHAVE_THRUST_ITERATOR_TRANSFORM_ITERATOR_H=1 -DHAVE_THRUST_ITERATOR_ZIP_ITERATOR_H=1 -DHAVE_THRUST_LOGICAL_H=1 -DHAVE_THRUST_REDUCE_H=1 -DHAVE_THRUST_SCAN_H=1 -DHAVE_THRUST_SEQUENCE_H=1 -DHAVE_THRUST_SORT_H=1 -DHAVE_THRUST_TRANSFORM_H=1 -DHAVE_THRUST_TRANSFORM_REDUCE_H=1 -DHAVE_THRUST_TRANSFORM_SCAN_H=1 -DHAVE_THRUST_TUPLE_H=1 -DHAVE_GSL_GSL_MULTIMIN_H=1 -DENABLE_DIAGNOSTICS=no -I.  -Isrc  -I/usr/local/cuda/include    -DCUDA_FAST_MATH=0   -DENABLE_SSE      -O3 -g3 -funroll-loops  -msse3 -MT src/bi/netcdf/InputNetCDFBuffer.o -MD -MP -MF $depbase.Tpo -c -o src/bi/netcdf/InputNetCDFBuffer.o src/bi/netcdf/InputNetCDFBuffer.cpp &&\
	mv -f $depbase.Tpo $depbase.Po
depbase=`echo src/bi/null/InputNullBuffer.o | sed 's|[^/]*$|.deps/&|;s|\.o$||'`;\
	g++ -DPACKAGE_NAME=\"LibBi\" -DPACKAGE_TARNAME=\"libbi\" -DPACKAGE_VERSION=\"1.3.0\" -DPACKAGE_STRING=\"LibBi\ 1.3.0\" -DPACKAGE_BUGREPORT=\"bug-report@libbi.org\" -DPACKAGE_URL=\"http://www.libbi.org\" -DTHRUST_DEVICE_SYSTEM=THRUST_DEVICE_SYSTEM_CPP -DTHRUST_HOST_SYSTEM=THRUST_HOST_SYSTEM_CPP -DHAVE_LIBM=1 -DHAVE_LIBQRUPDATE=1 -DHAVE_LIBGSL=1 -DHAVE_LIBNETCDF=1 -DNDEBUG=1 -DHAVE_NETCDF_H=1 -DHAVE_GSL_GSL_CBLAS_H=1 -DHAVE_BOOST_MPL_IF_HPP=1 -DHAVE_BOOST_RANDOM_BINOMIAL_DISTRIBUTION_HPP=1 -DHAVE_BOOST_RANDOM_BERNOULLI_DISTRIBUTION_HPP=1 -DHAVE_BOOST_RANDOM_GAMMA_DISTRIBUTION_HPP=1 -DHAVE_BOOST_RANDOM_MERSENNE_TWISTER_HPP=1 -DHAVE_BOOST_RANDOM_NORMAL_DISTRIBUTION_HPP=1 -DHAVE_BOOST_RANDOM_POISSON_DISTRIBUTION_HPP=1 -DHAVE_BOOST_RANDOM_UNIFORM_INT_HPP=1 -DHAVE_BOOST_RANDOM_UNIFORM_REAL_HPP=1 -DHAVE_BOOST_RANDOM_VARIATE_GENERATOR_HPP=1 -DHAVE_BOOST_TYPEOF_TYPEOF_HPP=1 -DHAVE_THRUST_ADJACENT_DIFFERENCE_H=1 -DHAVE_THRUST_BINARY_SEARCH_H=1 -DHAVE_THRUST_COPY_H=1 -DHAVE_THRUST_DEVICE_PTR_H=1 -DHAVE_THRUST_DISTANCE_H=1 -DHAVE_THRUST_EXTREMA_H=1 -DHAVE_THRUST_FILL_H=1 -DHAVE_THRUST_FOR_EACH_H=1 -DHAVE_THRUST_FUNCTIONAL_H=1 -DHAVE_THRUST_GATHER_H=1 -DHAVE_THRUST_INNER_PRODUCT_H=1 -DHAVE_THRUST_ITERATOR_COUNTING_ITERATOR_H=1 -DHAVE_THRUST_ITERATOR_DETAIL_NORMAL_ITERATOR_H=1 -DHAVE_THRUST_ITERATOR_DISCARD_ITERATOR_H=1 -DHAVE_THRUST_ITERATOR_PERMUTATION_ITERATOR_H=1 -DHAVE_THRUST_ITERATOR_TRANSFORM_ITERATOR_H=1 -DHAVE_THRUST_ITERATOR_ZIP_ITERATOR_H=1 -DHAVE_THRUST_LOGICAL_H=1 -DHAVE_THRUST_REDUCE_H=1 -DHAVE_THRUST_SCAN_H=1 -DHAVE_THRUST_SEQUENCE_H=1 -DHAVE_THRUST_SORT_H=1 -DHAVE_THRUST_TRANSFORM_H=1 -DHAVE_THRUST_TRANSFORM_REDUCE_H=1 -DHAVE_THRUST_TRANSFORM_SCAN_H=1 -DHAVE_THRUST_TUPLE_H=1 -DHAVE_GSL_GSL_MULTIMIN_H=1 -DENABLE_DIAGNOSTICS=no -I.  -Isrc  -I/usr/local/cuda/include    -DCUDA_FAST_MATH=0   -DENABLE_SSE      -O3 -g3 -funroll-loops  -msse3 -MT src/bi/null/InputNullBuffer.o -MD -MP -MF $depbase.Tpo -c -o src/bi/null/InputNullBuffer.o src/bi/null/InputNullBuffer.cpp &&\
	mv -f $depbase.Tpo $depbase.Po
In file included from src/sample_cpu.cpp:21:
In file included from src/model/ModelSIR.hpp:1484:
In file included from src/model/block/Block3.hpp:19:
In file included from src/model/block/Block17.hpp:16:
src/model/block/../action/Action8.hpp:107:57: error: no matching function for call to 'mod'
  x.template fetch<target_type>(s, p, cox_.index()) = ((bi::mod(t_now__, BI_REAL(7)) == BI_REAL(0)) ?BI_REAL(0) : Z__);
                                                        ^~~~~~~
src/bi/updater/../sse/updater/../../host/updater/DynamicUpdaterVisitorHost.hpp:57:12: note: in instantiation of function template specialization 'Action8::simulates<double, bi::Location::ON_HOST, ActionCoord8, bi::Pa<bi::Location::ON_HOST, ModelSIR, bi::host, bi::host, bi::sse_host, bi::sse_host>, bi::Ou<bi::Location::ON_HOST, ModelSIR, bi::sse_host> >' requested here
    front::simulates(t1, t2, s, p, ix, cox, pax, x);
           ^
src/bi/updater/../sse/updater/DynamicUpdaterSSE.hpp:61:16: note: in instantiation of member function 'bi::DynamicUpdaterVisitorHost<ModelSIR, bi::typelist<bi::typelist_marker::TYPELIST_SCALAR, 1, Action8, bi::empty_typelist>, double, bi::Pa<bi::Location::ON_HOST, ModelSIR, bi::host, bi::host, bi::sse_host, bi::sse_host>, bi::Ou<bi::Location::ON_HOST, ModelSIR, bi::sse_host> >::accept' requested here
      Visitor::accept(t1, t2, s, p, pax, x);
               ^
src/bi/updater/DynamicUpdater.hpp:93:29: note: in instantiation of function template specialization 'bi::DynamicUpdaterSSE<ModelSIR, bi::typelist<bi::typelist_marker::TYPELIST_SCALAR, 1, Action8, bi::empty_typelist> >::update<double>' requested here
    DynamicUpdaterSSE<B,S>::update(t1, t2, s);
                            ^
src/model/block/Block17.hpp:194:51: note: in instantiation of function template specialization 'bi::DynamicUpdater<ModelSIR, bi::typelist<bi::typelist_marker::TYPELIST_SCALAR, 1, Action8, bi::empty_typelist> >::update<double>' requested here
    bi::DynamicUpdater<ModelSIR,action_typelist>::update(t1, t2, s);
                                                  ^
src/model/block/Block3.hpp:104:12: note: in instantiation of function template specialization 'Block17::samples<double, bi::Location::ON_HOST>' requested here
  Block17::samples(rng, t1, t2, onDelta, s);
           ^
src/model/ModelSIR.hpp:1523:134: note: (skipping 2 contexts in backtrace; use -ftemplate-backtrace-limit=0 to see all)
void ModelSIR::transitionSamples(bi::Random& rng, const T1 t1, const T1 t2, const bool onDelta, bi::State<ModelSIR,L>& s) {  Block3::samples(rng, t1, t2, onDelta, s);
                                                                                                                                     ^
src/bi/filter/BootstrapPF.hpp:166:11: note: in instantiation of function template specialization 'bi::Simulator<ModelSIR, bi::Forcer<bi::InputNullBuffer, bi::Location::ON_HOST>, bi::Observer<bi::InputNetCDFBuffer, bi::Location::ON_HOST> >::predict<bi::BootstrapPFState<ModelSIR, bi::Location::ON_HOST> >' requested here
    this->predict(rng, *iter, s);
          ^
src/bi/filter/Filter.hpp:68:11: note: in instantiation of function template specialization 'bi::BootstrapPF<ModelSIR, bi::Forcer<bi::InputNullBuffer, bi::Location::ON_HOST>, bi::Observer<bi::InputNetCDFBuffer, bi::Location::ON_HOST>, bi::Resampler<bi::SystematicResampler> >::step<bi::BootstrapPFState<ModelSIR, bi::Location::ON_HOST>, bi::ParticleFilterBuffer<bi::BootstrapPFCache<bi::Location::ON_HOST, bi::ParticleFilterNullBuffer> > >' requested here
    this->step(rng, iter, last, s, out);
          ^
src/bi/sampler/MarginalMH.hpp:224:10: note: in instantiation of function template specialization 'bi::Filter<bi::BootstrapPF<ModelSIR, bi::Forcer<bi::InputNullBuffer, bi::Location::ON_HOST>, bi::Observer<bi::InputNetCDFBuffer, bi::Location::ON_HOST>, bi::Resampler<bi::SystematicResampler> > >::filter<bi::BootstrapPFState<ModelSIR, bi::Location::ON_HOST>, bi::ParticleFilterBuffer<bi::BootstrapPFCache<bi::Location::ON_HOST, bi::ParticleFilterNullBuffer> > >' requested here
  filter.filter(rng, first, last, s1, out);
         ^
src/bi/sampler/MarginalMH.hpp:206:3: note: in instantiation of function template specialization 'bi::MarginalMH<ModelSIR, bi::Filter<bi::BootstrapPF<ModelSIR, bi::Forcer<bi::InputNullBuffer, bi::Location::ON_HOST>, bi::Observer<bi::InputNetCDFBuffer, bi::Location::ON_HOST>, bi::Resampler<bi::SystematicResampler> > > >::init<bi::BootstrapPFState<ModelSIR, bi::Location::ON_HOST>, bi::ParticleFilterBuffer<bi::BootstrapPFCache<bi::Location::ON_HOST, bi::ParticleFilterNullBuffer> >, bi::InputNetCDFBuffer>' requested here
  init(rng, first, last, s.s1, s.out, inInit);
  ^
src/sample_cpu.cpp:715:12: note: in instantiation of function template specialization 'bi::MarginalMH<ModelSIR, bi::Filter<bi::BootstrapPF<ModelSIR, bi::Forcer<bi::InputNullBuffer, bi::Location::ON_HOST>, bi::Observer<bi::InputNetCDFBuffer, bi::Location::ON_HOST>, bi::Resampler<bi::SystematicResampler> > > >::sample<bi::MarginalMHState<ModelSIR, bi::Location::ON_HOST, bi::BootstrapPFState<ModelSIR, bi::Location::ON_HOST>, bi::ParticleFilterBuffer<bi::BootstrapPFCache<bi::Location::ON_HOST, bi::ParticleFilterNullBuffer> > >, bi::MCMCBuffer<bi::MCMCCache<bi::Location::ON_HOST, bi::MCMCNetCDFBuffer> >, bi::InputNetCDFBuffer>' requested here
  sampler->sample(rng, sched.begin(), sched.end(), s, NSAMPLES, out, bufInit);
           ^
src/bi/filter/../stopper/../math/function.hpp:206:19: note: candidate function not viable: no known conversion from 'const typeof (boost::type_of::ensure_obj(pax.template fetch<Var0>(s, p, 0)))' (aka 'const bi::sse_double') to 'const double' for 1st argument
inline double bi::mod(const double x, const double y) {
                  ^
src/bi/filter/../stopper/../math/function.hpp:210:18: note: candidate function not viable: no known conversion from 'const typeof (boost::type_of::ensure_obj(pax.template fetch<Var0>(s, p, 0)))' (aka 'const bi::sse_double') to 'const float' for 1st argument
inline float bi::mod(const float x, const float y) {
                 ^
src/bi/state/../sse/math/sse_double.hpp:295:35: note: candidate function not viable: no known conversion from 'real' (aka 'double') to 'const bi::sse_double' for 2nd argument
BI_FORCE_INLINE inline sse_double mod(const sse_double x,
                                  ^
src/bi/state/../sse/math/sse_float.hpp:300:34: note: candidate function not viable: no known conversion from 'const typeof (boost::type_of::ensure_obj(pax.template fetch<Var0>(s, p, 0)))' (aka 'const bi::sse_double') to 'const bi::sse_float' for 1st argument
BI_FORCE_INLINE inline sse_float mod(const sse_float x, const sse_float y) {
                                 ^
1 error generated.
make: *** [src/sample_cpu.o] Error 1
make: *** Waiting for unfinished jobs....
